[07-Dec-2015 03:23:59 UTC] PHP Parse error:  syntax error, unexpected '"hiiii"' (T_CONSTANT_ENCAPSED_STRING) in /Applications/MAMP/htdocs/bootstrap_to_wp/wp-content/themes/bootstrap_tm/index.php on line 8
[07-Dec-2015 03:24:00 UTC] PHP Parse error:  syntax error, unexpected '"hiiii"' (T_CONSTANT_ENCAPSED_STRING) in /Applications/MAMP/htdocs/bootstrap_to_wp/wp-content/themes/bootstrap_tm/index.php on line 8
[07-Dec-2015 03:37:57 UTC] PHP Fatal error:  Call to undefined function wp_enqueue() in /Applications/MAMP/htdocs/bootstrap_to_wp/wp-content/themes/bootstrap_tm/functions.php on line 4
[07-Dec-2015 03:37:59 UTC] PHP Fatal error:  Call to undefined function wp_enqueue() in /Applications/MAMP/htdocs/bootstrap_to_wp/wp-content/themes/bootstrap_tm/functions.php on line 4
[07-Dec-2015 03:38:01 UTC] PHP Fatal error:  Call to undefined function wp_enqueue() in /Applications/MAMP/htdocs/bootstrap_to_wp/wp-content/themes/bootstrap_tm/functions.php on line 4
[07-Dec-2015 03:38:02 UTC] PHP Fatal error:  Call to undefined function wp_enqueue() in /Applications/MAMP/htdocs/bootstrap_to_wp/wp-content/themes/bootstrap_tm/functions.php on line 4
[07-Dec-2015 03:38:18 UTC] PHP Fatal error:  Call to undefined function wp_enqueue() in /Applications/MAMP/htdocs/bootstrap_to_wp/wp-content/themes/bootstrap_tm/functions.php on line 4
[07-Dec-2015 03:38:20 UTC] PHP Fatal error:  Call to undefined function wp_enqueue() in /Applications/MAMP/htdocs/bootstrap_to_wp/wp-content/themes/bootstrap_tm/functions.php on line 4
[07-Dec-2015 03:44:04 UTC] PHP Fatal error:  Call to undefined function wp_enqueue_sty() in /Applications/MAMP/htdocs/bootstrap_to_wp/wp-content/themes/bootstrap_tm/functions.php on line 4
[07-Dec-2015 03:44:06 UTC] PHP Fatal error:  Call to undefined function wp_enqueue_sty() in /Applications/MAMP/htdocs/bootstrap_to_wp/wp-content/themes/bootstrap_tm/functions.php on line 4
[07-Dec-2015 16:07:20 UTC] PHP Parse error:  syntax error, unexpected 'function' (T_FUNCTION) in /Applications/MAMP/htdocs/bootstrap_to_wp/wp-content/themes/bootstrap_tm/functions.php on line 5
[07-Dec-2015 16:07:34 UTC] PHP Parse error:  syntax error, unexpected '}' in /Applications/MAMP/htdocs/bootstrap_to_wp/wp-content/themes/bootstrap_tm/functions.php on line 8
[07-Dec-2015 16:07:39 UTC] PHP Notice:  Undefined variable: tmpl_dir in /Applications/MAMP/htdocs/bootstrap_to_wp/wp-content/themes/bootstrap_tm/functions.php on line 6
[07-Dec-2015 16:07:39 UTC] PHP Notice:  Undefined variable: tmpl_dir in /Applications/MAMP/htdocs/bootstrap_to_wp/wp-content/themes/bootstrap_tm/functions.php on line 7
[07-Dec-2015 16:07:39 UTC] PHP Notice:  Undefined variable: tmpl_dir in /Applications/MAMP/htdocs/bootstrap_to_wp/wp-content/themes/bootstrap_tm/functions.php on line 6
[07-Dec-2015 16:07:39 UTC] PHP Notice:  Undefined variable: tmpl_dir in /Applications/MAMP/htdocs/bootstrap_to_wp/wp-content/themes/bootstrap_tm/functions.php on line 7
[07-Dec-2015 16:07:39 UTC] PHP Notice:  Undefined variable: tmpl_dir in /Applications/MAMP/htdocs/bootstrap_to_wp/wp-content/themes/bootstrap_tm/functions.php on line 6
[07-Dec-2015 16:07:39 UTC] PHP Notice:  Undefined variable: tmpl_dir in /Applications/MAMP/htdocs/bootstrap_to_wp/wp-content/themes/bootstrap_tm/functions.php on line 7
[07-Dec-2015 16:19:06 UTC] PHP Parse error:  syntax error, unexpected 'function' (T_FUNCTION) in /Applications/MAMP/htdocs/bootstrap_to_wp/wp-content/themes/bootstrap_tm/functions.php on line 18
[07-Dec-2015 16:21:08 UTC] PHP Notice:  Undefined variable: wp_scripts in /Applications/MAMP/htdocs/bootstrap_to_wp/wp-content/themes/bootstrap_tm/functions.php on line 35
[07-Dec-2015 16:21:08 UTC] PHP Fatal error:  Call to a member function add_data() on null in /Applications/MAMP/htdocs/bootstrap_to_wp/wp-content/themes/bootstrap_tm/functions.php on line 35
[07-Dec-2015 16:22:05 UTC] PHP Notice:  Undefined variable: wp_scripts in /Applications/MAMP/htdocs/bootstrap_to_wp/wp-content/themes/bootstrap_tm/functions.php on line 35
[07-Dec-2015 16:22:05 UTC] PHP Fatal error:  Call to a member function add_data() on null in /Applications/MAMP/htdocs/bootstrap_to_wp/wp-content/themes/bootstrap_tm/functions.php on line 35
[07-Dec-2015 16:22:50 UTC] PHP Notice:  Undefined variable: wp_scripts in /Applications/MAMP/htdocs/bootstrap_to_wp/wp-content/themes/bootstrap_tm/functions.php on line 35
[07-Dec-2015 16:22:50 UTC] PHP Fatal error:  Call to a member function add_data() on null in /Applications/MAMP/htdocs/bootstrap_to_wp/wp-content/themes/bootstrap_tm/functions.php on line 35
[07-Dec-2015 16:34:40 UTC] PHP Parse error:  syntax error, unexpected '}' in /Applications/MAMP/htdocs/bootstrap_to_wp/wp-content/themes/bootstrap_tm/functions.php on line 42
[07-Dec-2015 16:34:48 UTC] PHP Notice:  Undefined variable: wp_enqueue_script in /Applications/MAMP/htdocs/bootstrap_to_wp/wp-content/themes/bootstrap_tm/functions.php on line 40
[07-Dec-2015 16:34:48 UTC] PHP Fatal error:  Function name must be a string in /Applications/MAMP/htdocs/bootstrap_to_wp/wp-content/themes/bootstrap_tm/functions.php on line 40
[07-Dec-2015 16:34:57 UTC] PHP Notice:  Undefined variable: wp_enqueue_script in /Applications/MAMP/htdocs/bootstrap_to_wp/wp-content/themes/bootstrap_tm/functions.php on line 40
[07-Dec-2015 16:34:57 UTC] PHP Fatal error:  Function name must be a string in /Applications/MAMP/htdocs/bootstrap_to_wp/wp-content/themes/bootstrap_tm/functions.php on line 40
[07-Dec-2015 16:34:58 UTC] PHP Notice:  Undefined variable: wp_enqueue_script in /Applications/MAMP/htdocs/bootstrap_to_wp/wp-content/themes/bootstrap_tm/functions.php on line 40
[07-Dec-2015 16:34:58 UTC] PHP Fatal error:  Function name must be a string in /Applications/MAMP/htdocs/bootstrap_to_wp/wp-content/themes/bootstrap_tm/functions.php on line 40
[07-Dec-2015 16:45:23 UTC] PHP Fatal error:  Call to undefined function wp_foot() in /Applications/MAMP/htdocs/bootstrap_to_wp/wp-content/themes/bootstrap_tm/index.php on line 58
[07-Dec-2015 17:25:37 UTC] PHP Parse error:  syntax error, unexpected '{' in /Applications/MAMP/htdocs/bootstrap_to_wp/wp-content/themes/bootstrap_tm/functions.php on line 49
[07-Dec-2015 17:25:48 UTC] PHP Parse error:  syntax error, unexpected '{' in /Applications/MAMP/htdocs/bootstrap_to_wp/wp-content/themes/bootstrap_tm/functions.php on line 50
[07-Dec-2015 17:25:49 UTC] PHP Parse error:  syntax error, unexpected '{' in /Applications/MAMP/htdocs/bootstrap_to_wp/wp-content/themes/bootstrap_tm/functions.php on line 50
[07-Dec-2015 17:41:20 UTC] PHP Fatal error:  Call to undefined function blog_info() in /Applications/MAMP/htdocs/bootstrap_to_wp/wp-content/themes/bootstrap_tm/header.php on line 10
[07-Dec-2015 17:41:21 UTC] PHP Fatal error:  Call to undefined function blog_info() in /Applications/MAMP/htdocs/bootstrap_to_wp/wp-content/themes/bootstrap_tm/header.php on line 10
[07-Dec-2015 17:41:29 UTC] PHP Fatal error:  Call to undefined function blog_info() in /Applications/MAMP/htdocs/bootstrap_to_wp/wp-content/themes/bootstrap_tm/header.php on line 10
[07-Dec-2015 17:41:30 UTC] PHP Fatal error:  Call to undefined function blog_info() in /Applications/MAMP/htdocs/bootstrap_to_wp/wp-content/themes/bootstrap_tm/header.php on line 10
[08-Dec-2015 00:12:45 UTC] PHP Warning:  An unexpected error occurred. Something may be wrong with WordPress.org or this server&#8217;s configuration. If you continue to have problems, please try the <a href="https://wordpress.org/support/">support forums</a>. (WordPress could not establish a secure connection to WordPress.org. Please contact your server administrator.) in /Applications/MAMP/htdocs/bootstrap_to_wp/wp-includes/update.php on line 122
[08-Dec-2015 15:32:05 UTC] PHP Parse error:  syntax error, unexpected end of file in /Applications/MAMP/htdocs/bootstrap_to_wp/wp-content/themes/bootstrap_tm/front-page.php on line 33
[08-Dec-2015 16:20:39 UTC] PHP Parse error:  syntax error, unexpected ']' in /Applications/MAMP/htdocs/bootstrap_to_wp/wp-content/themes/bootstrap_tm/functions.php on line 73
[08-Dec-2015 16:22:41 UTC] PHP Parse error:  syntax error, unexpected 'register_sidebar' (T_STRING) in /Applications/MAMP/htdocs/bootstrap_to_wp/wp-content/themes/bootstrap_tm/functions.php on line 81
[08-Dec-2015 16:23:55 UTC] PHP Parse error:  syntax error, unexpected 'register_sidebar' (T_STRING) in /Applications/MAMP/htdocs/bootstrap_to_wp/wp-content/themes/bootstrap_tm/functions.php on line 81
[08-Dec-2015 16:23:57 UTC] PHP Parse error:  syntax error, unexpected 'register_sidebar' (T_STRING) in /Applications/MAMP/htdocs/bootstrap_to_wp/wp-content/themes/bootstrap_tm/functions.php on line 81
[08-Dec-2015 16:23:58 UTC] PHP Parse error:  syntax error, unexpected 'register_sidebar' (T_STRING) in /Applications/MAMP/htdocs/bootstrap_to_wp/wp-content/themes/bootstrap_tm/functions.php on line 81
[08-Dec-2015 19:21:13 UTC] PHP Fatal error:  Call to undefined function get_animal() in /Applications/MAMP/htdocs/bootstrap_to_wp/wp-content/themes/bootstrap_tm/page.php on line 23
[08-Dec-2015 19:22:46 UTC] PHP Warning:  include(./animal.php): failed to open stream: No such file or directory in /Applications/MAMP/htdocs/bootstrap_to_wp/wp-content/themes/bootstrap_tm/page.php on line 24
[08-Dec-2015 19:22:46 UTC] PHP Warning:  include(): Failed opening './animal.php' for inclusion (include_path='.:/Applications/MAMP/bin/php/php5.6.10/lib/php') in /Applications/MAMP/htdocs/bootstrap_to_wp/wp-content/themes/bootstrap_tm/page.php on line 24
[08-Dec-2015 19:30:37 UTC] PHP Parse error:  syntax error, unexpected '}' in /Applications/MAMP/htdocs/bootstrap_to_wp/wp-content/themes/bootstrap_tm/page.php on line 15
[08-Dec-2015 19:30:45 UTC] PHP Parse error:  syntax error, unexpected '}' in /Applications/MAMP/htdocs/bootstrap_to_wp/wp-content/themes/bootstrap_tm/page.php on line 15
[09-Dec-2015 03:23:15 UTC] PHP Parse error:  syntax error, unexpected 'endwhile' (T_ENDWHILE) in /Applications/MAMP/htdocs/bootstrap_to_wp/wp-content/themes/bootstrap_tm/home.php on line 20
[09-Dec-2015 03:37:21 UTC] PHP Parse error:  syntax error, unexpected 'create_widget' (T_STRING) in /Applications/MAMP/htdocs/bootstrap_to_wp/wp-content/themes/bootstrap_tm/functions.php on line 89
[09-Dec-2015 14:41:10 UTC] PHP Notice:  Undefined offset: 1 in /Applications/MAMP/htdocs/bootstrap_to_wp/wp-includes/query.php on line 3716
[09-Dec-2015 14:41:10 UTC] PHP Notice:  Trying to get property of non-object in /Applications/MAMP/htdocs/bootstrap_to_wp/wp-includes/query.php on line 4601
[09-Dec-2015 14:41:10 UTC] PHP Notice:  Trying to get property of non-object in /Applications/MAMP/htdocs/bootstrap_to_wp/wp-includes/query.php on line 4603
[09-Dec-2015 14:41:10 UTC] PHP Notice:  Trying to get property of non-object in /Applications/MAMP/htdocs/bootstrap_to_wp/wp-includes/query.php on line 4605
[09-Dec-2015 14:41:10 UTC] PHP Notice:  Trying to get property of non-object in /Applications/MAMP/htdocs/bootstrap_to_wp/wp-includes/query.php on line 4606
[09-Dec-2015 14:41:10 UTC] PHP Notice:  Trying to get property of non-object in /Applications/MAMP/htdocs/bootstrap_to_wp/wp-includes/query.php on line 4617
[09-Dec-2015 14:41:10 UTC] PHP Notice:  Trying to get property of non-object in /Applications/MAMP/htdocs/bootstrap_to_wp/wp-includes/query.php on line 4625
[09-Dec-2015 14:41:10 UTC] PHP Notice:  Trying to get property of non-object in /Applications/MAMP/htdocs/bootstrap_to_wp/wp-includes/query.php on line 4642
[09-Dec-2015 14:41:10 UTC] PHP Notice:  Trying to get property of non-object in /Applications/MAMP/htdocs/bootstrap_to_wp/wp-includes/post-template.php on line 279
[09-Dec-2015 14:42:04 UTC] PHP Catchable fatal error:  Object of class WP_Post could not be converted to string in /Applications/MAMP/htdocs/bootstrap_to_wp/wp-content/themes/bootstrap_tm/single.php on line 9
[09-Dec-2015 14:42:19 UTC] PHP Parse error:  syntax error, unexpected 'global' (T_GLOBAL) in /Applications/MAMP/htdocs/bootstrap_to_wp/wp-content/themes/bootstrap_tm/single.php on line 9
[09-Dec-2015 14:42:48 UTC] PHP Notice:  Undefined variable: get_post in /Applications/MAMP/htdocs/bootstrap_to_wp/wp-content/themes/bootstrap_tm/single.php on line 9
[09-Dec-2015 14:44:28 UTC] PHP Notice:  Use of undefined constant the_tags - assumed 'the_tags' in /Applications/MAMP/htdocs/bootstrap_to_wp/wp-content/themes/bootstrap_tm/single.php on line 9
[09-Dec-2015 14:47:07 UTC] PHP Fatal error:  Call to undefined function the_comments_template() in /Applications/MAMP/htdocs/bootstrap_to_wp/wp-content/themes/bootstrap_tm/single.php on line 16
[09-Dec-2015 14:47:23 UTC] PHP Notice:  Theme without comments.php is <strong>deprecated</strong> since version 3.0 with no alternative available. Please include a comments.php template in your theme. in /Applications/MAMP/htdocs/bootstrap_to_wp/wp-includes/functions.php on line 3512
[09-Dec-2015 14:53:56 UTC] PHP Fatal error:  Allowed memory size of 134217728 bytes exhausted (tried to allocate 32 bytes) in /Applications/MAMP/htdocs/bootstrap_to_wp/wp-includes/comment.php on line 854
[09-Dec-2015 14:58:25 UTC] PHP Parse error:  syntax error, unexpected ';' in /Applications/MAMP/htdocs/bootstrap_to_wp/wp-content/themes/bootstrap_tm/comments.php on line 3
[09-Dec-2015 15:00:13 UTC] PHP Parse error:  syntax error, unexpected ';' in /Applications/MAMP/htdocs/bootstrap_to_wp/wp-content/themes/bootstrap_tm/comments.php on line 3
[09-Dec-2015 15:06:54 UTC] PHP Parse error:  syntax error, unexpected '/' in /Applications/MAMP/htdocs/bootstrap_to_wp/wp-content/themes/bootstrap_tm/comments.php on line 4
[09-Dec-2015 15:07:13 UTC] PHP Parse error:  syntax error, unexpected '?>' in /Applications/MAMP/htdocs/bootstrap_to_wp/wp-content/themes/bootstrap_tm/comments.php on line 4
[09-Dec-2015 15:30:20 UTC] PHP Warning:  Missing argument 1 for get_comment(), called in /Applications/MAMP/htdocs/bootstrap_to_wp/wp-content/themes/bootstrap_tm/comments.php on line 8 and defined in /Applications/MAMP/htdocs/bootstrap_to_wp/wp-includes/comment.php on line 171
[09-Dec-2015 15:30:20 UTC] PHP Warning:  Missing argument 1 for get_comment(), called in /Applications/MAMP/htdocs/bootstrap_to_wp/wp-content/themes/bootstrap_tm/comments.php on line 8 and defined in /Applications/MAMP/htdocs/bootstrap_to_wp/wp-includes/comment.php on line 171
[09-Dec-2015 15:30:20 UTC] PHP Warning:  Missing argument 1 for get_comment(), called in /Applications/MAMP/htdocs/bootstrap_to_wp/wp-content/themes/bootstrap_tm/comments.php on line 8 and defined in /Applications/MAMP/htdocs/bootstrap_to_wp/wp-includes/comment.php on line 171
[09-Dec-2015 15:30:20 UTC] PHP Warning:  Missing argument 1 for get_comment(), called in /Applications/MAMP/htdocs/bootstrap_to_wp/wp-content/themes/bootstrap_tm/comments.php on line 8 and defined in /Applications/MAMP/htdocs/bootstrap_to_wp/wp-includes/comment.php on line 171
[09-Dec-2015 15:31:27 UTC] PHP Fatal error:  Call to undefined function comment_content() in /Applications/MAMP/htdocs/bootstrap_to_wp/wp-content/themes/bootstrap_tm/comments.php on line 8
[09-Dec-2015 15:32:30 UTC] PHP Fatal error:  Call to undefined function comment_content() in /Applications/MAMP/htdocs/bootstrap_to_wp/wp-content/themes/bootstrap_tm/comments.php on line 10
[09-Dec-2015 15:33:47 UTC] PHP Fatal error:  Call to undefined function comment_content() in /Applications/MAMP/htdocs/bootstrap_to_wp/wp-content/themes/bootstrap_tm/comments.php on line 8
[09-Dec-2015 15:39:42 UTC] PHP Warning:  Missing argument 1 for get_avatar(), called in /Applications/MAMP/htdocs/bootstrap_to_wp/wp-content/themes/bootstrap_tm/comments.php on line 8 and defined in /Applications/MAMP/htdocs/bootstrap_to_wp/wp-includes/pluggable.php on line 2214
[09-Dec-2015 15:39:42 UTC] PHP Notice:  Undefined variable: id_or_email in /Applications/MAMP/htdocs/bootstrap_to_wp/wp-includes/pluggable.php on line 2259
[09-Dec-2015 15:39:42 UTC] PHP Notice:  Undefined variable: id_or_email in /Applications/MAMP/htdocs/bootstrap_to_wp/wp-includes/pluggable.php on line 2270
[09-Dec-2015 15:39:42 UTC] PHP Notice:  Undefined variable: id_or_email in /Applications/MAMP/htdocs/bootstrap_to_wp/wp-includes/pluggable.php on line 2272
[09-Dec-2015 15:39:42 UTC] PHP Notice:  Undefined variable: id_or_email in /Applications/MAMP/htdocs/bootstrap_to_wp/wp-includes/pluggable.php on line 2318
[09-Dec-2015 15:39:42 UTC] PHP Warning:  Missing argument 1 for get_avatar(), called in /Applications/MAMP/htdocs/bootstrap_to_wp/wp-content/themes/bootstrap_tm/comments.php on line 8 and defined in /Applications/MAMP/htdocs/bootstrap_to_wp/wp-includes/pluggable.php on line 2214
[09-Dec-2015 15:39:42 UTC] PHP Notice:  Undefined variable: id_or_email in /Applications/MAMP/htdocs/bootstrap_to_wp/wp-includes/pluggable.php on line 2259
[09-Dec-2015 15:39:42 UTC] PHP Notice:  Undefined variable: id_or_email in /Applications/MAMP/htdocs/bootstrap_to_wp/wp-includes/pluggable.php on line 2270
[09-Dec-2015 15:39:42 UTC] PHP Notice:  Undefined variable: id_or_email in /Applications/MAMP/htdocs/bootstrap_to_wp/wp-includes/pluggable.php on line 2272
[09-Dec-2015 15:39:42 UTC] PHP Notice:  Undefined variable: id_or_email in /Applications/MAMP/htdocs/bootstrap_to_wp/wp-includes/pluggable.php on line 2318
[09-Dec-2015 15:39:42 UTC] PHP Warning:  Missing argument 1 for get_avatar(), called in /Applications/MAMP/htdocs/bootstrap_to_wp/wp-content/themes/bootstrap_tm/comments.php on line 8 and defined in /Applications/MAMP/htdocs/bootstrap_to_wp/wp-includes/pluggable.php on line 2214
[09-Dec-2015 15:39:42 UTC] PHP Notice:  Undefined variable: id_or_email in /Applications/MAMP/htdocs/bootstrap_to_wp/wp-includes/pluggable.php on line 2259
[09-Dec-2015 15:39:42 UTC] PHP Notice:  Undefined variable: id_or_email in /Applications/MAMP/htdocs/bootstrap_to_wp/wp-includes/pluggable.php on line 2270
[09-Dec-2015 15:39:42 UTC] PHP Notice:  Undefined variable: id_or_email in /Applications/MAMP/htdocs/bootstrap_to_wp/wp-includes/pluggable.php on line 2272
[09-Dec-2015 15:39:42 UTC] PHP Notice:  Undefined variable: id_or_email in /Applications/MAMP/htdocs/bootstrap_to_wp/wp-includes/pluggable.php on line 2318
[09-Dec-2015 15:39:42 UTC] PHP Warning:  Missing argument 1 for get_avatar(), called in /Applications/MAMP/htdocs/bootstrap_to_wp/wp-content/themes/bootstrap_tm/comments.php on line 8 and defined in /Applications/MAMP/htdocs/bootstrap_to_wp/wp-includes/pluggable.php on line 2214
[09-Dec-2015 15:39:42 UTC] PHP Notice:  Undefined variable: id_or_email in /Applications/MAMP/htdocs/bootstrap_to_wp/wp-includes/pluggable.php on line 2259
[09-Dec-2015 15:39:42 UTC] PHP Notice:  Undefined variable: id_or_email in /Applications/MAMP/htdocs/bootstrap_to_wp/wp-includes/pluggable.php on line 2270
[09-Dec-2015 15:39:42 UTC] PHP Notice:  Undefined variable: id_or_email in /Applications/MAMP/htdocs/bootstrap_to_wp/wp-includes/pluggable.php on line 2272
[09-Dec-2015 15:39:42 UTC] PHP Notice:  Undefined variable: id_or_email in /Applications/MAMP/htdocs/bootstrap_to_wp/wp-includes/pluggable.php on line 2318
[09-Dec-2015 15:40:41 UTC] PHP Warning:  Missing argument 1 for get_avatar(), called in /Applications/MAMP/htdocs/bootstrap_to_wp/wp-content/themes/bootstrap_tm/comments.php on line 8 and defined in /Applications/MAMP/htdocs/bootstrap_to_wp/wp-includes/pluggable.php on line 2214
[09-Dec-2015 15:40:41 UTC] PHP Notice:  Undefined variable: id_or_email in /Applications/MAMP/htdocs/bootstrap_to_wp/wp-includes/pluggable.php on line 2259
[09-Dec-2015 15:40:41 UTC] PHP Notice:  Undefined variable: id_or_email in /Applications/MAMP/htdocs/bootstrap_to_wp/wp-includes/pluggable.php on line 2270
[09-Dec-2015 15:40:41 UTC] PHP Notice:  Undefined variable: id_or_email in /Applications/MAMP/htdocs/bootstrap_to_wp/wp-includes/pluggable.php on line 2272
[09-Dec-2015 15:40:41 UTC] PHP Notice:  Undefined variable: id_or_email in /Applications/MAMP/htdocs/bootstrap_to_wp/wp-includes/pluggable.php on line 2318
[09-Dec-2015 15:40:41 UTC] PHP Warning:  Missing argument 1 for get_avatar(), called in /Applications/MAMP/htdocs/bootstrap_to_wp/wp-content/themes/bootstrap_tm/comments.php on line 8 and defined in /Applications/MAMP/htdocs/bootstrap_to_wp/wp-includes/pluggable.php on line 2214
[09-Dec-2015 15:40:41 UTC] PHP Notice:  Undefined variable: id_or_email in /Applications/MAMP/htdocs/bootstrap_to_wp/wp-includes/pluggable.php on line 2259
[09-Dec-2015 15:40:41 UTC] PHP Notice:  Undefined variable: id_or_email in /Applications/MAMP/htdocs/bootstrap_to_wp/wp-includes/pluggable.php on line 2270
[09-Dec-2015 15:40:41 UTC] PHP Notice:  Undefined variable: id_or_email in /Applications/MAMP/htdocs/bootstrap_to_wp/wp-includes/pluggable.php on line 2272
[09-Dec-2015 15:40:41 UTC] PHP Notice:  Undefined variable: id_or_email in /Applications/MAMP/htdocs/bootstrap_to_wp/wp-includes/pluggable.php on line 2318
[09-Dec-2015 15:40:41 UTC] PHP Warning:  Missing argument 1 for get_avatar(), called in /Applications/MAMP/htdocs/bootstrap_to_wp/wp-content/themes/bootstrap_tm/comments.php on line 8 and defined in /Applications/MAMP/htdocs/bootstrap_to_wp/wp-includes/pluggable.php on line 2214
[09-Dec-2015 15:40:41 UTC] PHP Notice:  Undefined variable: id_or_email in /Applications/MAMP/htdocs/bootstrap_to_wp/wp-includes/pluggable.php on line 2259
[09-Dec-2015 15:40:41 UTC] PHP Notice:  Undefined variable: id_or_email in /Applications/MAMP/htdocs/bootstrap_to_wp/wp-includes/pluggable.php on line 2270
[09-Dec-2015 15:40:41 UTC] PHP Notice:  Undefined variable: id_or_email in /Applications/MAMP/htdocs/bootstrap_to_wp/wp-includes/pluggable.php on line 2272
[09-Dec-2015 15:40:41 UTC] PHP Notice:  Undefined variable: id_or_email in /Applications/MAMP/htdocs/bootstrap_to_wp/wp-includes/pluggable.php on line 2318
[09-Dec-2015 15:40:41 UTC] PHP Warning:  Missing argument 1 for get_avatar(), called in /Applications/MAMP/htdocs/bootstrap_to_wp/wp-content/themes/bootstrap_tm/comments.php on line 8 and defined in /Applications/MAMP/htdocs/bootstrap_to_wp/wp-includes/pluggable.php on line 2214
[09-Dec-2015 15:40:41 UTC] PHP Notice:  Undefined variable: id_or_email in /Applications/MAMP/htdocs/bootstrap_to_wp/wp-includes/pluggable.php on line 2259
[09-Dec-2015 15:40:41 UTC] PHP Notice:  Undefined variable: id_or_email in /Applications/MAMP/htdocs/bootstrap_to_wp/wp-includes/pluggable.php on line 2270
[09-Dec-2015 15:40:41 UTC] PHP Notice:  Undefined variable: id_or_email in /Applications/MAMP/htdocs/bootstrap_to_wp/wp-includes/pluggable.php on line 2272
[09-Dec-2015 15:40:41 UTC] PHP Notice:  Undefined variable: id_or_email in /Applications/MAMP/htdocs/bootstrap_to_wp/wp-includes/pluggable.php on line 2318
[09-Dec-2015 15:40:42 UTC] PHP Warning:  Missing argument 1 for get_avatar(), called in /Applications/MAMP/htdocs/bootstrap_to_wp/wp-content/themes/bootstrap_tm/comments.php on line 8 and defined in /Applications/MAMP/htdocs/bootstrap_to_wp/wp-includes/pluggable.php on line 2214
[09-Dec-2015 15:40:42 UTC] PHP Notice:  Undefined variable: id_or_email in /Applications/MAMP/htdocs/bootstrap_to_wp/wp-includes/pluggable.php on line 2259
[09-Dec-2015 15:40:42 UTC] PHP Notice:  Undefined variable: id_or_email in /Applications/MAMP/htdocs/bootstrap_to_wp/wp-includes/pluggable.php on line 2270
[09-Dec-2015 15:40:42 UTC] PHP Notice:  Undefined variable: id_or_email in /Applications/MAMP/htdocs/bootstrap_to_wp/wp-includes/pluggable.php on line 2272
[09-Dec-2015 15:40:42 UTC] PHP Notice:  Undefined variable: id_or_email in /Applications/MAMP/htdocs/bootstrap_to_wp/wp-includes/pluggable.php on line 2318
[09-Dec-2015 15:40:42 UTC] PHP Warning:  Missing argument 1 for get_avatar(), called in /Applications/MAMP/htdocs/bootstrap_to_wp/wp-content/themes/bootstrap_tm/comments.php on line 8 and defined in /Applications/MAMP/htdocs/bootstrap_to_wp/wp-includes/pluggable.php on line 2214
[09-Dec-2015 15:40:42 UTC] PHP Notice:  Undefined variable: id_or_email in /Applications/MAMP/htdocs/bootstrap_to_wp/wp-includes/pluggable.php on line 2259
[09-Dec-2015 15:40:42 UTC] PHP Notice:  Undefined variable: id_or_email in /Applications/MAMP/htdocs/bootstrap_to_wp/wp-includes/pluggable.php on line 2270
[09-Dec-2015 15:40:42 UTC] PHP Notice:  Undefined variable: id_or_email in /Applications/MAMP/htdocs/bootstrap_to_wp/wp-includes/pluggable.php on line 2272
[09-Dec-2015 15:40:42 UTC] PHP Notice:  Undefined variable: id_or_email in /Applications/MAMP/htdocs/bootstrap_to_wp/wp-includes/pluggable.php on line 2318
[09-Dec-2015 15:40:42 UTC] PHP Warning:  Missing argument 1 for get_avatar(), called in /Applications/MAMP/htdocs/bootstrap_to_wp/wp-content/themes/bootstrap_tm/comments.php on line 8 and defined in /Applications/MAMP/htdocs/bootstrap_to_wp/wp-includes/pluggable.php on line 2214
[09-Dec-2015 15:40:42 UTC] PHP Notice:  Undefined variable: id_or_email in /Applications/MAMP/htdocs/bootstrap_to_wp/wp-includes/pluggable.php on line 2259
[09-Dec-2015 15:40:42 UTC] PHP Notice:  Undefined variable: id_or_email in /Applications/MAMP/htdocs/bootstrap_to_wp/wp-includes/pluggable.php on line 2270
[09-Dec-2015 15:40:42 UTC] PHP Notice:  Undefined variable: id_or_email in /Applications/MAMP/htdocs/bootstrap_to_wp/wp-includes/pluggable.php on line 2272
[09-Dec-2015 15:40:42 UTC] PHP Notice:  Undefined variable: id_or_email in /Applications/MAMP/htdocs/bootstrap_to_wp/wp-includes/pluggable.php on line 2318
[09-Dec-2015 15:40:42 UTC] PHP Warning:  Missing argument 1 for get_avatar(), called in /Applications/MAMP/htdocs/bootstrap_to_wp/wp-content/themes/bootstrap_tm/comments.php on line 8 and defined in /Applications/MAMP/htdocs/bootstrap_to_wp/wp-includes/pluggable.php on line 2214
[09-Dec-2015 15:40:42 UTC] PHP Notice:  Undefined variable: id_or_email in /Applications/MAMP/htdocs/bootstrap_to_wp/wp-includes/pluggable.php on line 2259
[09-Dec-2015 15:40:42 UTC] PHP Notice:  Undefined variable: id_or_email in /Applications/MAMP/htdocs/bootstrap_to_wp/wp-includes/pluggable.php on line 2270
[09-Dec-2015 15:40:42 UTC] PHP Notice:  Undefined variable: id_or_email in /Applications/MAMP/htdocs/bootstrap_to_wp/wp-includes/pluggable.php on line 2272
[09-Dec-2015 15:40:42 UTC] PHP Notice:  Undefined variable: id_or_email in /Applications/MAMP/htdocs/bootstrap_to_wp/wp-includes/pluggable.php on line 2318
[09-Dec-2015 15:41:03 UTC] PHP Fatal error:  Call to undefined function user_id() in /Applications/MAMP/htdocs/bootstrap_to_wp/wp-content/themes/bootstrap_tm/comments.php on line 8
[09-Dec-2015 15:46:19 UTC] PHP Catchable fatal error:  Object of class stdClass could not be converted to string in /Applications/MAMP/htdocs/bootstrap_to_wp/wp-content/themes/bootstrap_tm/comments.php on line 8
[09-Dec-2015 15:46:47 UTC] PHP Catchable fatal error:  Object of class stdClass could not be converted to string in /Applications/MAMP/htdocs/bootstrap_to_wp/wp-content/themes/bootstrap_tm/comments.php on line 8
[09-Dec-2015 15:48:40 UTC] PHP Catchable fatal error:  Object of class stdClass could not be converted to string in /Applications/MAMP/htdocs/bootstrap_to_wp/wp-content/themes/bootstrap_tm/comments.php on line 8
[09-Dec-2015 15:49:05 UTC] PHP Parse error:  syntax error, unexpected '$', expecting ',' or ';' in /Applications/MAMP/htdocs/bootstrap_to_wp/wp-content/themes/bootstrap_tm/comments.php on line 8
[09-Dec-2015 15:49:13 UTC] PHP Catchable fatal error:  Object of class stdClass could not be converted to string in /Applications/MAMP/htdocs/bootstrap_to_wp/wp-content/themes/bootstrap_tm/comments.php on line 8
[09-Dec-2015 15:49:20 UTC] PHP Catchable fatal error:  Object of class stdClass could not be converted to string in /Applications/MAMP/htdocs/bootstrap_to_wp/wp-content/themes/bootstrap_tm/comments.php on line 8
[09-Dec-2015 16:16:23 UTC] PHP Parse error:  syntax error, unexpected 'var' (T_VAR) in /Applications/MAMP/htdocs/bootstrap_to_wp/wp-content/themes/bootstrap_tm/comments.php on line 2
[09-Dec-2015 16:16:42 UTC] PHP Notice:  Use of undefined constant comment_field - assumed 'comment_field' in /Applications/MAMP/htdocs/bootstrap_to_wp/wp-content/themes/bootstrap_tm/comments.php on line 3
[09-Dec-2015 16:17:40 UTC] PHP Parse error:  syntax error, unexpected 'print_f' (T_STRING) in /Applications/MAMP/htdocs/bootstrap_to_wp/wp-content/themes/bootstrap_tm/comments.php on line 6
[09-Dec-2015 16:17:44 UTC] PHP Parse error:  syntax error, unexpected 'print_r' (T_STRING) in /Applications/MAMP/htdocs/bootstrap_to_wp/wp-content/themes/bootstrap_tm/comments.php on line 6
[09-Dec-2015 16:18:40 UTC] PHP Fatal error:  Call to undefined function print_f() in /Applications/MAMP/htdocs/bootstrap_to_wp/wp-content/themes/bootstrap_tm/comments.php on line 6
[09-Dec-2015 16:18:44 UTC] PHP Fatal error:  Call to undefined function print_f() in /Applications/MAMP/htdocs/bootstrap_to_wp/wp-content/themes/bootstrap_tm/comments.php on line 6
[09-Dec-2015 16:18:46 UTC] PHP Fatal error:  Call to undefined function print_f() in /Applications/MAMP/htdocs/bootstrap_to_wp/wp-content/themes/bootstrap_tm/comments.php on line 6
[09-Dec-2015 16:20:05 UTC] PHP Notice:  Undefined variable: args in /Applications/MAMP/htdocs/bootstrap_to_wp/wp-content/themes/bootstrap_tm/comments.php on line 11
[09-Dec-2015 16:21:07 UTC] PHP Notice:  Undefined variable: cmnt_ops in /Applications/MAMP/htdocs/bootstrap_to_wp/wp-content/themes/bootstrap_tm/comments.php on line 11
[09-Dec-2015 16:31:20 UTC] PHP Parse error:  syntax error, unexpected ';' in /Applications/MAMP/htdocs/bootstrap_to_wp/wp-content/themes/bootstrap_tm/comments.php on line 1
[09-Dec-2015 16:31:28 UTC] PHP Warning:  include(): http:// wrapper is disabled in the server configuration by allow_url_include=0 in /Applications/MAMP/htdocs/bootstrap_to_wp/wp-content/themes/bootstrap_tm/comments.php on line 1
[09-Dec-2015 16:31:28 UTC] PHP Warning:  include(http://localhost:8888/bootstrap_to_wp/wp-content/themes/bootstrap_tm/comment-args.php): failed to open stream: no suitable wrapper could be found in /Applications/MAMP/htdocs/bootstrap_to_wp/wp-content/themes/bootstrap_tm/comments.php on line 1
[09-Dec-2015 16:31:28 UTC] PHP Warning:  include(): Failed opening 'http://localhost:8888/bootstrap_to_wp/wp-content/themes/bootstrap_tm/comment-args.php' for inclusion (include_path='.:/Applications/MAMP/bin/php/php5.6.10/lib/php') in /Applications/MAMP/htdocs/bootstrap_to_wp/wp-content/themes/bootstrap_tm/comments.php on line 1
[09-Dec-2015 16:31:28 UTC] PHP Notice:  Undefined variable: comment_ops in /Applications/MAMP/htdocs/bootstrap_to_wp/wp-content/themes/bootstrap_tm/comments.php on line 7
[09-Dec-2015 16:35:10 UTC] PHP Warning:  include(./comment-args.php): failed to open stream: No such file or directory in /Applications/MAMP/htdocs/bootstrap_to_wp/wp-content/themes/bootstrap_tm/comments.php on line 1
[09-Dec-2015 16:35:10 UTC] PHP Warning:  include(): Failed opening './comment-args.php' for inclusion (include_path='.:/Applications/MAMP/bin/php/php5.6.10/lib/php') in /Applications/MAMP/htdocs/bootstrap_to_wp/wp-content/themes/bootstrap_tm/comments.php on line 1
[09-Dec-2015 16:35:10 UTC] PHP Notice:  Undefined variable: comment_ops in /Applications/MAMP/htdocs/bootstrap_to_wp/wp-content/themes/bootstrap_tm/comments.php on line 7
[09-Dec-2015 16:46:28 UTC] PHP Parse error:  syntax error, unexpected '>' in /Applications/MAMP/htdocs/bootstrap_to_wp/wp-content/themes/bootstrap_tm/comments.php on line 22
